<?xml version="1.0" encoding="UTF-8"?>
<testsuite name="Como usuario del portal demoqa #1" tests="1" skipped="0" failures="0" errors="0" timestamp="2023-10-23T00:33:19" hostname="LAPTOP-548RBPKP" time="54.71">
  <properties/>
  <testcase name="Eliminar la cuenta" classname="Como usuario del portal demoqa #1" time="54.71"/>
  <system-out><![CDATA[]]></system-out>
  <system-err><![CDATA[[Test worker] INFO io.cucumber.core.plugin.SerenityReporter - Running feature from file:///C:/Users/jhons/IdeaProjects/demo-qa/src/test/resources/features/AlertsFrameWindows.feature
[Test worker] INFO  - 
  _____   ___   ___   _____     ___   _____     _     ___   _____   ___   ___  
 |_   _| | __| / __| |_   _|   / __| |_   _|   /_\   | _ \ |_   _| | __| |   \ 
   | |   | _|  \__ \   | |     \__ \   | |    / _ \  |   /   | |   | _|  | |) |
   |_|   |___| |___/   |_|     |___/   |_|   /_/ \_\ |_|_\   |_|   |___| |___/ 

Eliminar la cuenta(como-usuario-del-portal-demoqa;eliminar-la-cuenta)
--------------------------------------------------------------------------------
[Test worker] INFO io.github.bonigarcia.wdm.WebDriverManager - Using geckodriver 0.33.0 (resolved driver for Firefox 118)
[Test worker] INFO io.github.bonigarcia.wdm.WebDriverManager - Exporting webdriver.gecko.driver as C:\Users\jhons\.cache\selenium\geckodriver\win64\0.33.0\geckodriver.exe
1698021202279	geckodriver	INFO	Listening on 127.0.0.1:64381
1698021203111	mozrunner::runner	INFO	Running command: "C:\\Program Files\\Mozilla Firefox\\firefox.exe" "--marionette" "--remote-debugging-port" "49821" "--remote-allow-hosts" "localhost" "-no-remote" "-profile" "C:\\Users\\jhons\\AppData\\Local\\Temp\\rust_mozprofile62E0Jo"
console.warn: services.settings: Ignoring preference override of remote settings server
console.warn: services.settings: Allow by setting MOZ_REMOTE_SETTINGS_DEVTOOLS=1 in the environment
1698021203937	Marionette	INFO	Marionette enabled
Dynamically enable window occlusion 0
1698021204078	Marionette	INFO	Listening on port 65128
WebDriver BiDi listening on ws://127.0.0.1:49821
Read port: 65128
1698021204637	RemoteAgent	WARN	TLS certificate errors will be ignored for this session
DevTools listening on ws://127.0.0.1:49821/devtools/browser/342455d0-a1ea-4726-9222-60c63620bdce
oct. 22, 2023 7:33:29 P. M. org.openqa.selenium.remote.ProtocolHandshake createSession
INFORMACIÓN: Detected dialect: W3C
console.error: (new TypeError("this._searchProviderInfo is null", "resource:///modules/SearchSERPTelemetry.sys.mjs", 633))
JavaScript error: https://cdn.ad.plus/player/adplus.js, line 413: TypeError: c(...).setup is not a function
JavaScript warning: https://pagead2.googlesyndication.com/bg/kdR3Uc-Lch-XuU6BJZRbuWDa0aJJ9it8wzNxgvcOl3M.js line 2 > eval line 7420 > eval line 1 > eval line 1 > eval, line 1: WEBGL_debug_renderer_info is deprecated in Firefox and will be removed. Please use RENDERER.
1698021249287	Marionette	INFO	Stopped listening on port 65128
JavaScript warning: https://jsc.mgid.com/a/d/ad.plus.1461776.es6.js, line 109: Script terminated by timeout at:
Oi</_createWorker/</this.app.context._mgqi<@https://jsc.mgid.com/a/d/ad.plus.1461776.es6.js:109:35860

Dynamically enable window occlusion 1
[Test worker] INFO  - 
  _____   ___   ___   _____     ___     _     ___   ___   ___   ___  
 |_   _| | __| / __| |_   _|   | _ \   /_\   / __| / __| | __| |   \ 
   | |   | _|  \__ \   | |     |  _/  / _ \  \__ \ \__ \ | _|  | |) |
   |_|   |___| |___/   |_|     |_|   /_/ \_\ |___/ |___/ |___| |___/ 

Eliminar la cuenta
----------------------------------------------------------------------
]]></system-err>
</testsuite>
